# JRE version: Java(TM) SE Runtime Environment (11.0.2+7) (build 11.0.2+7-LTS)
# Java VM: Java HotSpot(TM) 64-Bit Server VM (11.0.2+7-LTS, mixed mode, tiered, compressed oops, g1 gc, linux-amd64)
Heap:
 garbage-first heap   total 1236992K, used 297341K [0x0000000084600000, 0x0000000100000000)
  region size 1024K, 2 young (2048K), 2 survivors (2048K)
 Metaspace       used 7389K, capacity 7464K, committed 7680K, reserved 1056768K
  class space    used 650K, capacity 673K, committed 768K, reserved 1048576K
GC Heap History (10 events):
Event: 0,864 GC heap before
{Heap before GC invocations=0 (full 0):
 garbage-first heap   total 126976K, used 43008K [0x0000000084600000, 0x0000000100000000)
  region size 1024K, 3 young (3072K), 0 survivors (0K)
 Metaspace       used 6472K, capacity 6546K, committed 6784K, reserved 1056768K
  class space    used 567K, capacity 603K, committed 640K, reserved 1048576K
}
Event: 0,869 GC heap after
{Heap after GC invocations=1 (full 0):
 garbage-first heap   total 126976K, used 20296K [0x0000000084600000, 0x0000000100000000)
  region size 1024K, 1 young (1024K), 1 survivors (1024K)
 Metaspace       used 6472K, capacity 6546K, committed 6784K, reserved 1056768K
  class space    used 567K, capacity 603K, committed 640K, reserved 1048576K
}
Event: 1,395 GC heap before
{Heap before GC invocations=2 (full 0):
 garbage-first heap   total 126976K, used 59208K [0x0000000084600000, 0x0000000100000000)
  region size 1024K, 3 young (3072K), 1 survivors (1024K)
 Metaspace       used 7389K, capacity 7464K, committed 7680K, reserved 1056768K
  class space    used 650K, capacity 673K, committed 768K, reserved 1048576K
}
Event: 1,400 GC heap after
{Heap after GC invocations=3 (full 0):
 garbage-first heap   total 126976K, used 39228K [0x0000000084600000, 0x0000000100000000)
  region size 1024K, 2 young (2048K), 2 survivors (2048K)
 Metaspace       used 7389K, capacity 7464K, committed 7680K, reserved 1056768K
  class space    used 650K, capacity 673K, committed 768K, reserved 1048576K
}
Event: 2,306 GC heap before
{Heap before GC invocations=4 (full 0):
 garbage-first heap   total 201728K, used 113980K [0x0000000084600000, 0x0000000100000000)
  region size 1024K, 2 young (2048K), 2 survivors (2048K)
 Metaspace       used 7389K, capacity 7464K, committed 7680K, reserved 1056768K
  class space    used 650K, capacity 673K, committed 768K, reserved 1048576K
}
Event: 2,308 GC heap after
{Heap after GC invocations=5 (full 0):
 garbage-first heap   total 201728K, used 76167K [0x0000000084600000, 0x0000000100000000)
  region size 1024K, 2 young (2048K), 2 survivors (2048K)
 Metaspace       used 7389K, capacity 7464K, committed 7680K, reserved 1056768K
  class space    used 650K, capacity 673K, committed 768K, reserved 1048576K
}
Event: 3,911 GC heap before
{Heap before GC invocations=6 (full 0):
 garbage-first heap   total 350208K, used 224647K [0x0000000084600000, 0x0000000100000000)
  region size 1024K, 2 young (2048K), 2 survivors (2048K)
 Metaspace       used 7389K, capacity 7464K, committed 7680K, reserved 1056768K
  class space    used 650K, capacity 673K, committed 768K, reserved 1048576K
}
Event: 3,914 GC heap after
{Heap after GC invocations=7 (full 0):
 garbage-first heap   total 350208K, used 149898K [0x0000000084600000, 0x0000000100000000)
  region size 1024K, 2 young (2048K), 2 survivors (2048K)
 Metaspace       used 7389K, capacity 7464K, committed 7680K, reserved 1056768K
  class space    used 650K, capacity 673K, committed 768K, reserved 1048576K
}
Event: 6,952 GC heap before
{Heap before GC invocations=8 (full 0):
 garbage-first heap   total 646144K, used 445834K [0x0000000084600000, 0x0000000100000000)
  region size 1024K, 2 young (2048K), 2 survivors (2048K)
 Metaspace       used 7389K, capacity 7464K, committed 7680K, reserved 1056768K
  class space    used 650K, capacity 673K, committed 768K, reserved 1048576K
}
Event: 6,954 GC heap after
{Heap after GC invocations=9 (full 0):
 garbage-first heap   total 646144K, used 297341K [0x0000000084600000, 0x0000000100000000)
  region size 1024K, 2 young (2048K), 2 survivors (2048K)
 Metaspace       used 7389K, capacity 7464K, committed 7680K, reserved 1056768K
  class space    used 650K, capacity 673K, committed 768K, reserved 1048576K
}

